? 1 140706471691157
? 1 70353235845579
? 1 35176617922790
? 1 17588308961395
? 1 8794154480698
? 1 4397077240349
? 1 2198538620175
? 1 1099269310088
? 1 549634655044
? 1 274817327522
? 1 137408663761
? 1 68704331881
? 1 34352165941
? 1 17176082971
? 1 8588041486
? 1 4294020743
? 1 2147010372
? 1 1073505186
? 1 536752593
? 1 268376297
? 1 134188149
? 1 67094075
? 1 33547038
? 1 16773519
? 1 8386760
? 1 4193380
? 1 2096690
? 1 1048345
? 1 524173
? 1 262087
? 1 131044
? 1 65522
? 1 32761
? 1 16381
? 1 8191
? 1 4096
? 1 2048
? 1 1024
? 1 512
? 1 256
? 1 128
? 1 64
? 1 32
? 1 16
? 1 8
? 1 4
? 1 2
? 1 1
! 60
